<?xml version="1.0" encoding="UTF-8"?>
<testng-results ignored="0" total="4" passed="4" failed="0" skipped="0">
  <reporter-output>
  </reporter-output>
  <suite started-at="2024-05-12T11:45:28 PDT" name="Suite" finished-at="2024-05-12T11:45:47 PDT" duration-ms="19425">
    <groups>
    </groups>
    <test started-at="2024-05-12T11:45:28 PDT" name="TestDemo" finished-at="2024-05-12T11:45:38 PDT" duration-ms="10092">
      <class name="selenium_interviewprep.CrossBrowserTesting">
        <test-method is-config="true" signature="setUp(java.lang.String)[pri:0, instance:selenium_interviewprep.CrossBrowserTesting@6f204a1a]" started-at="2024-05-12T11:45:28 PDT" name="setUp" finished-at="2024-05-12T11:45:34 PDT" duration-ms="6331" status="PASS">
          <params>
            <param index="0">
              <value>
                <![CDATA[chromeSaucelabs]]>
              </value>
            </param>
          </params>
          <reporter-output>
          </reporter-output>
        </test-method> <!-- setUp -->
        <test-method signature="test02()[pri:0, instance:selenium_interviewprep.CrossBrowserTesting@6f204a1a]" started-at="2024-05-12T11:45:34 PDT" name="test02" finished-at="2024-05-12T11:45:38 PDT" duration-ms="3376" status="PASS">
          <reporter-output>
          </reporter-output>
        </test-method> <!-- test02 -->
        <test-method signature="test01()[pri:0, instance:selenium_interviewprep.CrossBrowserTesting@6f204a1a]" started-at="2024-05-12T11:45:34 PDT" name="test01" finished-at="2024-05-12T11:45:36 PDT" duration-ms="1297" status="PASS">
          <reporter-output>
          </reporter-output>
        </test-method> <!-- test01 -->
        <test-method is-config="true" signature="tearDown()[pri:0, instance:selenium_interviewprep.CrossBrowserTesting@6f204a1a]" started-at="2024-05-12T11:45:38 PDT" name="tearDown" finished-at="2024-05-12T11:45:38 PDT" duration-ms="337" status="PASS">
          <reporter-output>
          </reporter-output>
        </test-method> <!-- tearDown -->
      </class> <!-- selenium_interviewprep.CrossBrowserTesting -->
    </test> <!-- TestDemo -->
    <test started-at="2024-05-12T11:45:38 PDT" name="TestDemo1" finished-at="2024-05-12T11:45:47 PDT" duration-ms="9312">
      <class name="selenium_interviewprep.CrossBrowserTesting">
        <test-method is-config="true" signature="setUp(java.lang.String)[pri:0, instance:selenium_interviewprep.CrossBrowserTesting@1be2019a]" started-at="2024-05-12T11:45:38 PDT" name="setUp" finished-at="2024-05-12T11:45:41 PDT" duration-ms="3194" status="PASS">
          <params>
            <param index="0">
              <value>
                <![CDATA[firefox]]>
              </value>
            </param>
          </params>
          <reporter-output>
          </reporter-output>
        </test-method> <!-- setUp -->
        <test-method signature="test01()[pri:0, instance:selenium_interviewprep.CrossBrowserTesting@1be2019a]" started-at="2024-05-12T11:45:41 PDT" name="test01" finished-at="2024-05-12T11:45:43 PDT" duration-ms="1488" status="PASS">
          <reporter-output>
          </reporter-output>
        </test-method> <!-- test01 -->
        <test-method signature="test02()[pri:0, instance:selenium_interviewprep.CrossBrowserTesting@1be2019a]" started-at="2024-05-12T11:45:41 PDT" name="test02" finished-at="2024-05-12T11:45:47 PDT" duration-ms="5371" status="PASS">
          <reporter-output>
          </reporter-output>
        </test-method> <!-- test02 -->
        <test-method is-config="true" signature="tearDown()[pri:0, instance:selenium_interviewprep.CrossBrowserTesting@1be2019a]" started-at="2024-05-12T11:45:47 PDT" name="tearDown" finished-at="2024-05-12T11:45:47 PDT" duration-ms="745" status="PASS">
          <reporter-output>
          </reporter-output>
        </test-method> <!-- tearDown -->
      </class> <!-- selenium_interviewprep.CrossBrowserTesting -->
    </test> <!-- TestDemo1 -->
  </suite> <!-- Suite -->
</testng-results>
